<?xml version="1.0" encoding="UTF-8"?>
<!-- Generated by org.testng.reporters.JUnitReportReporter -->
<testsuite hostname="Admin" failures="0" tests="1" name="TestCases.LoginTest" time="16.743" errors="0" timestamp="30 Apr 2023 04:26:13 GMT" skipped="0">
  <testcase classname="TestCases.LoginTest" name="test4" time="16.743"/>
</testsuite> <!-- TestCases.LoginTest -->
