<?xml version="1.0" encoding="UTF-8"?>
<!-- Generated by org.testng.reporters.JUnitReportReporter -->
<testsuite skipped="0" hostname="Admin" name="TestCases.HomePageTest" tests="1" failures="0" timestamp="30 Apr 2023 07:00:16 GMT" time="19.773" errors="0">
  <testcase name="test3" time="19.773" classname="TestCases.HomePageTest"/>
</testsuite> <!-- TestCases.HomePageTest -->
